Added Pin To Net: NetName=3,3B Pin=DD1-1
Added Pin To Net: NetName=NetDD1_2 Pin=DD1-2
Added Pin To Net: NetName=NetDD1_3 Pin=DD1-3
Added Pin To Net: NetName=NetDD1_3 Pin=DD1-4
Added Pin To Net: NetName=TOUT Pin=DD1-6
Added Pin To Net: NetName=3,3B Pin=DD1-7
Added Pin To Net: NetName=SLEEP Pin=DD1-8
Added Pin To Net: NetName=IO14 Pin=DD1-9
Added Pin To Net: NetName=IO12 Pin=DD1-10
Added Pin To Net: NetName=VIO1 Pin=DD1-11
Added Pin To Net: NetName=IO13 Pin=DD1-12
Added Pin To Net: NetName=IO15 Pin=DD1-13
Added Pin To Net: NetName=IO2 Pin=DD1-14
Added Pin To Net: NetName=IO0 Pin=DD1-15
Added Pin To Net: NetName=IO4 Pin=DD1-16
Added Pin To Net: NetName=VIO2 Pin=DD1-17
Added Pin To Net: NetName=HOLD Pin=DD1-18
Added Pin To Net: NetName=WP Pin=DD1-19
Added Pin To Net: NetName=SCS Pin=DD1-20
Added Pin To Net: NetName=CLK Pin=DD1-21
Added Pin To Net: NetName=SDO Pin=DD1-22
Added Pin To Net: NetName=SDI Pin=DD1-23
Added Pin To Net: NetName=IO5 Pin=DD1-24
Added Pin To Net: NetName=UART_P Pin=DD1-25
Added Pin To Net: NetName=NetDD1_26 Pin=DD1-26
Added Pin To Net: NetName=NetC9_2 Pin=DD1-27
Added Pin To Net: NetName=NetC10_2 Pin=DD1-28
Added Pin To Net: NetName=3,3B Pin=DD1-29
Added Pin To Net: NetName=3,3B Pin=DD1-30
Added Pin To Net: NetName=NetDD1_31 Pin=DD1-31
Added Pin To Net: NetName=RST Pin=DD1-32
Added Pin To Net: NetName=GND Pin=DD1-33
Added Pin To Net: NetName=RST Pin=K1-2
Added Member To Class: ClassName=Sheet1 Member=Component DD1 esp8266ex
