Added Pin To Net: NetName=Net*_IN Pin=C1-1
Added Pin To Net: NetName=GND Pin=C1-2
Added Pin To Net: NetName=GND Pin=C4-1
Added Pin To Net: NetName=3,3B Pin=C4-2
Added Pin To Net: NetName=3,3B Pin=C5-1
Added Pin To Net: NetName=GND Pin=C5-2
Added Pin To Net: NetName=3,3B Pin=C6-1
Added Pin To Net: NetName=GND Pin=C6-2
Added Pin To Net: NetName=GND Pin=C8-1
Added Pin To Net: NetName=NetC8_2 Pin=C8-2
Added Pin To Net: NetName=GND Pin=C9-1
Added Pin To Net: NetName=NetC9_2 Pin=C9-2
Added Pin To Net: NetName=GND Pin=C10-1
Added Pin To Net: NetName=NetC10_2 Pin=C10-2
Added Pin To Net: NetName=NetC8_2 Pin=D1-1
Added Pin To Net: NetName=VCC Pin=D1-2
Added Pin To Net: NetName=3,3B Pin=DD1-1
Added Pin To Net: NetName=NetDD1_2 Pin=DD1-2
Added Pin To Net: NetName=NetDD1_3 Pin=DD1-3
Added Pin To Net: NetName=NetDD1_3 Pin=DD1-4
Added Pin To Net: NetName=TOUT Pin=DD1-6
Added Pin To Net: NetName=3,3B Pin=DD1-7
Added Pin To Net: NetName=SLEEP Pin=DD1-8
Added Pin To Net: NetName=IO14 Pin=DD1-9
Added Pin To Net: NetName=IO12 Pin=DD1-10
Added Pin To Net: NetName=VIO1 Pin=DD1-11
Added Pin To Net: NetName=IO13 Pin=DD1-12
Added Pin To Net: NetName=IO15 Pin=DD1-13
Added Pin To Net: NetName=IO2 Pin=DD1-14
Added Pin To Net: NetName=IO0 Pin=DD1-15
Added Pin To Net: NetName=IO4 Pin=DD1-16
Added Pin To Net: NetName=VIO2 Pin=DD1-17
Added Pin To Net: NetName=HOLD Pin=DD1-18
Added Pin To Net: NetName=WP Pin=DD1-19
Added Pin To Net: NetName=SCS Pin=DD1-20
Added Pin To Net: NetName=CLK Pin=DD1-21
Added Pin To Net: NetName=SDO Pin=DD1-22
Added Pin To Net: NetName=SDI Pin=DD1-23
Added Pin To Net: NetName=IO5 Pin=DD1-24
Added Pin To Net: NetName=UART_P Pin=DD1-25
Added Pin To Net: NetName=NetDD1_26 Pin=DD1-26
Added Pin To Net: NetName=NetC9_2 Pin=DD1-27
Added Pin To Net: NetName=NetC10_2 Pin=DD1-28
Added Pin To Net: NetName=3,3B Pin=DD1-29
Added Pin To Net: NetName=3,3B Pin=DD1-30
Added Pin To Net: NetName=NetDD1_31 Pin=DD1-31
Added Pin To Net: NetName=RST Pin=DD1-32
Added Pin To Net: NetName=GND Pin=DD1-33
Added Pin To Net: NetName=SCS Pin=DD2-1
Added Pin To Net: NetName=SDO Pin=DD2-2
Added Pin To Net: NetName=WP Pin=DD2-3
Added Pin To Net: NetName=GND Pin=DD2-4
Added Pin To Net: NetName=SDI Pin=DD2-5
Added Pin To Net: NetName=NetDD2_6 Pin=DD2-6
Added Pin To Net: NetName=HOLD Pin=DD2-7
Added Pin To Net: NetName=3,3B Pin=DD2-8
Added Pin To Net: NetName=VCC Pin=K1-1
Added Pin To Net: NetName=RST Pin=K1-3
Added Pin To Net: NetName=SLEEP Pin=K1-4
Added Pin To Net: NetName=GND Pin=K1-8
Added Pin To Net: NetName=Net*_IN Pin=L1-1
Added Pin To Net: NetName=NetDD1_2 Pin=L1-2
Added Pin To Net: NetName=NetDD1_3 Pin=L2-1
Added Pin To Net: NetName=3,3B Pin=L2-2
Added Pin To Net: NetName=NetC10_2 Pin=Q1-1
Added Pin To Net: NetName=NetC9_2 Pin=Q1-3
Added Pin To Net: NetName=NetDD1_31 Pin=R1-1
Added Pin To Net: NetName=GND Pin=R1-2
Added Pin To Net: NetName=VCC Pin=R2-1
Added Pin To Net: NetName=GND Pin=R2-2
Added Pin To Net: NetName=NetR3_1 Pin=R3-1
Added Pin To Net: NetName=NetC8_2 Pin=R3-2
Added Pin To Net: NetName=NetDD1_26 Pin=R4-1
Added Pin To Net: NetName=UART_N Pin=R4-2
Added Pin To Net: NetName=CLK Pin=R5-1
Added Pin To Net: NetName=NetDD2_6 Pin=R5-2
Added Pin To Net: NetName=GND Pin=R6-1
Added Pin To Net: NetName=NetC8_2 Pin=VD1-1
Added Pin To Net: NetName=GND Pin=VD1-2
Added Pin To Net: NetName=NetR3_1 Pin=VD1-3
Added Pin To Net: NetName=3,3B Pin=VD1-5
Added Pin To Net: NetName=VCC Pin=VT1-1
Added Pin To Net: NetName=VBAT Pin=VT1-2
Added Pin To Net: NetName=NetC8_2 Pin=VT1-3
Added Pin To Net: NetName=VCC Pin=X1-1
Added Pin To Net: NetName=GND Pin=X1-5
Added Pin To Net: NetName=VBAT Pin=X2-1
Added Pin To Net: NetName=NetX2_2 Pin=X2-2
Added Pin To Net: NetName=NetX2_2 Pin=X3-1
Added Pin To Net: NetName=GND Pin=X3-2
Added Pin To Net: NetName=IO4 Pin=XP1-1
Added Pin To Net: NetName=IO0 Pin=XP1-2
Added Pin To Net: NetName=IO2 Pin=XP1-3
Added Pin To Net: NetName=IO15 Pin=XP1-4
Added Pin To Net: NetName=IO13 Pin=XP1-5
Added Pin To Net: NetName=IO12 Pin=XP1-6
Added Pin To Net: NetName=IO14 Pin=XP1-7
Added Pin To Net: NetName=TOUT Pin=XP1-8
Added Pin To Net: NetName=VIO2 Pin=XP2-1
Added Pin To Net: NetName=VIO1 Pin=XP2-2
Added Pin To Net: NetName=3,3B Pin=XP2-3
Added Pin To Net: NetName=GND Pin=XP2-4
Added Pin To Net: NetName=IO5 Pin=XP2-5
Added Pin To Net: NetName=UART_P Pin=XP2-6
Added Pin To Net: NetName=UART_N Pin=XP2-7
Added Pin To Net: NetName=RST Pin=XP2-8
Added Pin To Net: NetName=NetDD1_2 Pin=—2-1
Added Pin To Net: NetName=GND Pin=—2-2
Added Pin To Net: NetName=NetDD1_3 Pin=—3-1
Added Pin To Net: NetName=GND Pin=—3-2
Added Pin To Net: NetName=3,3B Pin=—7-1
Added Pin To Net: NetName=GND Pin=—7-2
Added Pin To Net: NetName=GND Pin=—11-1
Added Pin To Net: NetName=3,3B Pin=—11-2
Added Pin To Net: NetName=GND Pin=—12-1
Added Pin To Net: NetName=NetK1_3 Pin=K1-3
Added Pin To Net: NetName=NetK1_3 Pin=R6-2
Added Pin To Net: NetName=NetK1_3 Pin=—12-2
Added Net: Name=NetK1_3
Added Member To Class: ClassName=Sheet1 Member=Component C1 3Ô‘
Added Member To Class: ClassName=Sheet1 Member=Component C4 10ÏÍ‘
Added Member To Class: ClassName=Sheet1 Member=Component C5 0,1ÏÍ‘
Added Member To Class: ClassName=Sheet1 Member=Component C6 100Ì‘
Added Member To Class: ClassName=Sheet1 Member=Component C8 10ÏÍ‘
Added Member To Class: ClassName=Sheet1 Member=Component C9 7ÔÍ‘
Added Member To Class: ClassName=Sheet1 Member=Component C10 7ÔÍ‘
Added Member To Class: ClassName=Sheet1 Member=Component D1
Added Member To Class: ClassName=Sheet1 Member=Component DD1 esp8266ex
Added Member To Class: ClassName=Sheet1 Member=Component DD2 M25P16-VMN6TP
Added Member To Class: ClassName=Sheet1 Member=Component K1 gost relay
Added Member To Class: ClassName=Sheet1 Member=Component L1 2,2Ì√
Added Member To Class: ClassName=Sheet1 Member=Component L2 4,3Ì√
Added Member To Class: ClassName=Sheet1 Member=Component Q1 26Ã√ˆ
Added Member To Class: ClassName=Sheet1 Member=Component R1 12k
Added Member To Class: ClassName=Sheet1 Member=Component R2 10k
Added Member To Class: ClassName=Sheet1 Member=Component R3 2K
Added Member To Class: ClassName=Sheet1 Member=Component R4 499 
Added Member To Class: ClassName=Sheet1 Member=Component R5 200ŒÏ
Added Member To Class: ClassName=Sheet1 Member=Component R6 2K
Added Member To Class: ClassName=Sheet1 Member=Component VD1 ap2112
Added Member To Class: ClassName=Sheet1 Member=Component VT1
Added Member To Class: ClassName=Sheet1 Member=Component X1 usb_micro
Added Member To Class: ClassName=Sheet1 Member=Component X2 battery_x2
Added Member To Class: ClassName=Sheet1 Member=Component X3 battery_x2
Added Member To Class: ClassName=Sheet1 Member=Component XP1 PLD-8
Added Member To Class: ClassName=Sheet1 Member=Component XP2 PLD-8
Added Member To Class: ClassName=Sheet1 Member=Component —2 2,4Ô‘
Added Member To Class: ClassName=Sheet1 Member=Component —3 0,1ÏÍ‘
Added Member To Class: ClassName=Sheet1 Member=Component —7 1ÏÍ‘
Added Member To Class: ClassName=Sheet1 Member=Component —11 10ÏÍ‘
Added Member To Class: ClassName=Sheet1 Member=Component —12 10ÏÍ‘
Added Room: Name=Sheet1
