Remove Pin=DD1-6 From Net=TOUT
Remove Pin=DD1-9 From Net=IO14
Remove Pin=DD1-10 From Net=IO12
Remove Pin=DD1-11 From Net=VIO1
Remove Pin=DD1-12 From Net=IO13
Remove Pin=DD1-13 From Net=IO15
Remove Pin=DD1-14 From Net=IO2
Remove Pin=DD1-15 From Net=IO0
Remove Pin=DD1-16 From Net=IO4
Remove Pin=DD1-17 From Net=VIO2
Remove Pin=DD1-18 From Net=HOLD
Remove Pin=DD1-19 From Net=WP
Remove Pin=DD1-20 From Net=SCS
Remove Pin=DD1-21 From Net=CLK
Remove Pin=DD1-22 From Net=SDO
Remove Pin=DD1-23 From Net=SDI
Remove Pin=DD1-24 From Net=IO5
Remove Pin=DD1-25 From Net=RXD
Remove Pin=DD2-1 From Net=SCS
Remove Pin=DD2-2 From Net=SDO
Remove Pin=DD2-3 From Net=WP
Remove Pin=DD2-5 From Net=SDI
Remove Pin=DD2-7 From Net=HOLD
Remove Pin=R4-2 From Net=TXD
Remove Pin=R5-1 From Net=CLK
Remove Pin=XP1-2 From Net=IO0
Remove Pin=XP1-3 From Net=TXD
Remove Pin=XP1-4 From Net=IO2
Remove Pin=XP1-5 From Net=RXD
Remove Pin=XP1-6 From Net=IO4
Remove Pin=XP1-7 From Net=IO5
Remove Pin=XP2-1 From Net=TOUT
Remove Pin=XP2-2 From Net=VIO1
Remove Pin=XP2-3 From Net=VIO2
Remove Pin=XP2-4 From Net=IO12
Remove Pin=XP2-5 From Net=IO13
Remove Pin=XP2-6 From Net=IO14
Remove Pin=XP2-7 From Net=IO15
